This file contains any messages produced by compilers while
running configure, to aid debugging if configure makes a mistake.

It was created by sga configure 0.10.13, which was
generated by GNU Autoconf 2.63.  Invocation command line was

  $ ./configure --with-bamtools=/home/yuhan/bin/bamtools-master/ --no-create --no-recursion

## --------- ##
## Platform. ##
## --------- ##

hostname = bip7
uname -m = x86_64
uname -r = 2.6.32-431.20.3.el6.x86_64
uname -s = Linux
uname -v = #1 SMP Thu Jun 19 21:14:45 UTC 2014

/usr/bin/uname -p = unknown
/bin/uname -X     = unknown

/bin/arch              = x86_64
/usr/bin/arch -k       = unknown
/usr/convex/getsysinfo = unknown
/usr/bin/hostinfo      = unknown
/bin/machine           = unknown
/usr/bin/oslevel       = unknown
/bin/universe          = unknown

PATH: /usr/lib64/qt-3.3/bin
PATH: /usr/local/bin
PATH: /bin
PATH: /usr/bin
PATH: /usr/local/sbin
PATH: /usr/sbin
PATH: /sbin
PATH: /home/yuting102/bin


## ----------- ##
## Core tests. ##
## ----------- ##

configure:1904: checking for a BSD-compatible install
configure:1972: result: /usr/bin/install -c
configure:1983: checking whether build environment is sane
configure:2043: result: yes
configure:2184: checking for a thread-safe mkdir -p
configure:2223: result: /bin/mkdir -p
configure:2236: checking for gawk
configure:2252: found /bin/gawk
configure:2263: result: gawk
configure:2274: checking whether make sets $(MAKE)
configure:2296: result: yes
configure:2511: checking for g++
configure:2527: found /usr/bin/g++
configure:2538: result: g++
configure:2565: checking for C++ compiler version
configure:2573: g++ --version >&5
g++ (GCC) 4.4.7 20120313 (Red Hat 4.4.7-4)
Copyright (C) 2010 Free Software Foundation, Inc.
This is free software; see the source for copying conditions.  There is NO
warranty; not even for MERCHANTABILITY or FITNESS FOR A PARTICULAR PURPOSE.

configure:2577: $? = 0
configure:2584: g++ -v >&5
Using built-in specs.
Target: x86_64-redhat-linux
Configured with: ../configure --prefix=/usr --mandir=/usr/share/man --infodir=/usr/share/info --with-bugurl=http://bugzilla.redhat.com/bugzilla --enable-bootstrap --enable-shared --enable-threads=posix --enable-checking=release --with-system-zlib --enable-__cxa_atexit --disable-libunwind-exceptions --enable-gnu-unique-object --enable-languages=c,c++,objc,obj-c++,java,fortran,ada --enable-java-awt=gtk --disable-dssi --with-java-home=/usr/lib/jvm/java-1.5.0-gcj-1.5.0.0/jre --enable-libgcj-multifile --enable-java-maintainer-mode --with-ecj-jar=/usr/share/java/eclipse-ecj.jar --disable-libjava-multilib --with-ppl --with-cloog --with-tune=generic --with-arch_32=i686 --build=x86_64-redhat-linux
Thread model: posix
gcc version 4.4.7 20120313 (Red Hat 4.4.7-4) (GCC) 
configure:2588: $? = 0
configure:2595: g++ -V >&5
g++: '-V' option must have argument
configure:2599: $? = 1
configure:2622: checking for C++ compiler default output file name
configure:2644: g++    conftest.cpp  >&5
configure:2648: $? = 0
configure:2686: result: a.out
configure:2705: checking whether the C++ compiler works
configure:2715: ./a.out
configure:2719: $? = 0
configure:2738: result: yes
configure:2745: checking whether we are cross compiling
configure:2747: result: no
configure:2750: checking for suffix of executables
configure:2757: g++ -o conftest    conftest.cpp  >&5
configure:2761: $? = 0
configure:2787: result: 
configure:2793: checking for suffix of object files
configure:2819: g++ -c   conftest.cpp >&5
configure:2823: $? = 0
configure:2848: result: o
configure:2852: checking whether we are using the GNU C++ compiler
configure:2881: g++ -c   conftest.cpp >&5
configure:2888: $? = 0
configure:2905: result: yes
configure:2914: checking whether g++ accepts -g
configure:2944: g++ -c -g  conftest.cpp >&5
configure:2951: $? = 0
configure:3052: result: yes
configure:3086: checking for style of include used by make
configure:3114: result: GNU
configure:3139: checking dependency style of g++
configure:3249: result: gcc3
configure:3312: checking for gcc
configure:3328: found /usr/bin/gcc
configure:3339: result: gcc
configure:3571: checking for C compiler version
configure:3579: gcc --version >&5
gcc (GCC) 4.4.7 20120313 (Red Hat 4.4.7-4)
Copyright (C) 2010 Free Software Foundation, Inc.
This is free software; see the source for copying conditions.  There is NO
warranty; not even for MERCHANTABILITY or FITNESS FOR A PARTICULAR PURPOSE.

configure:3583: $? = 0
configure:3590: gcc -v >&5
Using built-in specs.
Target: x86_64-redhat-linux
Configured with: ../configure --prefix=/usr --mandir=/usr/share/man --infodir=/usr/share/info --with-bugurl=http://bugzilla.redhat.com/bugzilla --enable-bootstrap --enable-shared --enable-threads=posix --enable-checking=release --with-system-zlib --enable-__cxa_atexit --disable-libunwind-exceptions --enable-gnu-unique-object --enable-languages=c,c++,objc,obj-c++,java,fortran,ada --enable-java-awt=gtk --disable-dssi --with-java-home=/usr/lib/jvm/java-1.5.0-gcj-1.5.0.0/jre --enable-libgcj-multifile --enable-java-maintainer-mode --with-ecj-jar=/usr/share/java/eclipse-ecj.jar --disable-libjava-multilib --with-ppl --with-cloog --with-tune=generic --with-arch_32=i686 --build=x86_64-redhat-linux
Thread model: posix
gcc version 4.4.7 20120313 (Red Hat 4.4.7-4) (GCC) 
configure:3594: $? = 0
configure:3601: gcc -V >&5
gcc: '-V' option must have argument
configure:3605: $? = 1
configure:3608: checking whether we are using the GNU C compiler
configure:3637: gcc -c   conftest.c >&5
configure:3644: $? = 0
configure:3661: result: yes
configure:3670: checking whether gcc accepts -g
configure:3700: gcc -c -g  conftest.c >&5
configure:3707: $? = 0
configure:3808: result: yes
configure:3825: checking for gcc option to accept ISO C89
configure:3899: gcc  -c -g -O2  conftest.c >&5
configure:3906: $? = 0
configure:3929: result: none needed
configure:3949: checking dependency style of gcc
configure:4059: result: gcc3
configure:4117: checking for ranlib
configure:4133: found /usr/bin/ranlib
configure:4144: result: ranlib
configure:4180: checking how to run the C++ preprocessor
configure:4216: g++ -E  conftest.cpp
configure:4223: $? = 0
configure:4254: g++ -E  conftest.cpp
conftest.cpp:10:28: error: ac_nonexistent.h: No such file or directory
configure:4261: $? = 1
configure: failed program was:
| /* confdefs.h.  */
| #define PACKAGE_NAME "sga"
| #define PACKAGE_TARNAME "sga"
| #define PACKAGE_VERSION "0.10.13"
| #define PACKAGE_STRING "sga 0.10.13"
| #define PACKAGE_BUGREPORT "js18@sanger.ac.uk"
| #define PACKAGE "sga"
| #define VERSION "0.10.13"
| /* end confdefs.h.  */
| #include <ac_nonexistent.h>
configure:4294: result: g++ -E
configure:4323: g++ -E  conftest.cpp
configure:4330: $? = 0
configure:4361: g++ -E  conftest.cpp
conftest.cpp:10:28: error: ac_nonexistent.h: No such file or directory
configure:4368: $? = 1
configure: failed program was:
| /* confdefs.h.  */
| #define PACKAGE_NAME "sga"
| #define PACKAGE_TARNAME "sga"
| #define PACKAGE_VERSION "0.10.13"
| #define PACKAGE_STRING "sga 0.10.13"
| #define PACKAGE_BUGREPORT "js18@sanger.ac.uk"
| #define PACKAGE "sga"
| #define VERSION "0.10.13"
| /* end confdefs.h.  */
| #include <ac_nonexistent.h>
configure:4408: checking for grep that handles long lines and -e
configure:4468: result: /bin/grep
configure:4473: checking for egrep
configure:4537: result: /bin/grep -E
configure:4542: checking for ANSI C header files
configure:4572: g++ -c -g -O2  conftest.cpp >&5
configure:4579: $? = 0
configure:4678: g++ -o conftest -g -O2   conftest.cpp  >&5
configure:4682: $? = 0
configure:4688: ./conftest
configure:4692: $? = 0
configure:4710: result: yes
configure:4734: checking for sys/types.h
configure:4755: g++ -c -g -O2  conftest.cpp >&5
configure:4762: $? = 0
configure:4779: result: yes
configure:4734: checking for sys/stat.h
configure:4755: g++ -c -g -O2  conftest.cpp >&5
configure:4762: $? = 0
configure:4779: result: yes
configure:4734: checking for stdlib.h
configure:4755: g++ -c -g -O2  conftest.cpp >&5
configure:4762: $? = 0
configure:4779: result: yes
configure:4734: checking for string.h
configure:4755: g++ -c -g -O2  conftest.cpp >&5
configure:4762: $? = 0
configure:4779: result: yes
configure:4734: checking for memory.h
configure:4755: g++ -c -g -O2  conftest.cpp >&5
configure:4762: $? = 0
configure:4779: result: yes
configure:4734: checking for strings.h
configure:4755: g++ -c -g -O2  conftest.cpp >&5
configure:4762: $? = 0
configure:4779: result: yes
configure:4734: checking for inttypes.h
configure:4755: g++ -c -g -O2  conftest.cpp >&5
configure:4762: $? = 0
configure:4779: result: yes
configure:4734: checking for stdint.h
configure:4755: g++ -c -g -O2  conftest.cpp >&5
configure:4762: $? = 0
configure:4779: result: yes
configure:4734: checking for unistd.h
configure:4755: g++ -c -g -O2  conftest.cpp >&5
configure:4762: $? = 0
configure:4779: result: yes
configure:4803: checking zlib.h usability
configure:4820: g++ -c -g -O2  conftest.cpp >&5
configure:4827: $? = 0
configure:4841: result: yes
configure:4845: checking zlib.h presence
configure:4860: g++ -E  conftest.cpp
configure:4867: $? = 0
configure:4881: result: yes
configure:4914: checking for zlib.h
configure:4921: result: yes
configure:4929: checking for library containing gzopen
configure:4970: g++ -o conftest -g -O2   conftest.cpp  >&5
/tmp/ccmVS4cp.o: In function `main':
/bip7_disk/Yu_Ting_102/weiche_sga/src/conftest.cpp:31: undefined reference to `gzopen'
collect2: ld returned 1 exit status
configure:4977: $? = 1
configure: failed program was:
| /* confdefs.h.  */
| #define PACKAGE_NAME "sga"
| #define PACKAGE_TARNAME "sga"
| #define PACKAGE_VERSION "0.10.13"
| #define PACKAGE_STRING "sga 0.10.13"
| #define PACKAGE_BUGREPORT "js18@sanger.ac.uk"
| #define PACKAGE "sga"
| #define VERSION "0.10.13"
| #define STDC_HEADERS 1
| #define HAVE_SYS_TYPES_H 1
| #define HAVE_SYS_STAT_H 1
| #define HAVE_STDLIB_H 1
| #define HAVE_STRING_H 1
| #define HAVE_MEMORY_H 1
| #define HAVE_STRINGS_H 1
| #define HAVE_INTTYPES_H 1
| #define HAVE_STDINT_H 1
| #define HAVE_UNISTD_H 1
| /* end confdefs.h.  */
| 
| /* Override any GCC internal prototype to avoid an error.
|    Use char because int might match the return type of a GCC
|    builtin and then its argument prototype would still apply.  */
| #ifdef __cplusplus
| extern "C"
| #endif
| char gzopen ();
| int
| main ()
| {
| return gzopen ();
|   ;
|   return 0;
| }
configure:4970: g++ -o conftest -g -O2   conftest.cpp -lz   >&5
configure:4977: $? = 0
configure:5008: result: -lz
configure:5020: checking for library containing clock_gettime
configure:5061: g++ -o conftest -g -O2   conftest.cpp -lz  >&5
/tmp/ccU1uPWp.o: In function `main':
/bip7_disk/Yu_Ting_102/weiche_sga/src/conftest.cpp:31: undefined reference to `clock_gettime'
collect2: ld returned 1 exit status
configure:5068: $? = 1
configure: failed program was:
| /* confdefs.h.  */
| #define PACKAGE_NAME "sga"
| #define PACKAGE_TARNAME "sga"
| #define PACKAGE_VERSION "0.10.13"
| #define PACKAGE_STRING "sga 0.10.13"
| #define PACKAGE_BUGREPORT "js18@sanger.ac.uk"
| #define PACKAGE "sga"
| #define VERSION "0.10.13"
| #define STDC_HEADERS 1
| #define HAVE_SYS_TYPES_H 1
| #define HAVE_SYS_STAT_H 1
| #define HAVE_STDLIB_H 1
| #define HAVE_STRING_H 1
| #define HAVE_MEMORY_H 1
| #define HAVE_STRINGS_H 1
| #define HAVE_INTTYPES_H 1
| #define HAVE_STDINT_H 1
| #define HAVE_UNISTD_H 1
| /* end confdefs.h.  */
| 
| /* Override any GCC internal prototype to avoid an error.
|    Use char because int might match the return type of a GCC
|    builtin and then its argument prototype would still apply.  */
| #ifdef __cplusplus
| extern "C"
| #endif
| char clock_gettime ();
| int
| main ()
| {
| return clock_gettime ();
|   ;
|   return 0;
| }
configure:5061: g++ -o conftest -g -O2   conftest.cpp -lrt  -lz  >&5
configure:5068: $? = 0
configure:5099: result: -lrt
configure:5115: checking for OpenMP flag of C++ compiler
configure:5165: g++ -o conftest -g -O2 -fopenmp   conftest.cpp -lrt -lz  >&5
configure:5172: $? = 0
configure:5195: result: -fopenmp
configure:5283: checking for host type
configure:5290: result: you are not using osx so multi-threading should work.
configure:5573: checking google/sparse_hash_set usability
configure:5590: g++ -c -O3  -fopenmp  -I/home/yuhan/bin/bamtools-master//include -I/home/yuhan/bin/bamtools-master//include/bamtools conftest.cpp >&5
configure:5597: $? = 0
configure:5611: result: yes
configure:5615: checking google/sparse_hash_set presence
configure:5630: g++ -E  -fopenmp  -I/home/yuhan/bin/bamtools-master//include -I/home/yuhan/bin/bamtools-master//include/bamtools conftest.cpp
configure:5637: $? = 0
configure:5651: result: yes
configure:5684: checking for google/sparse_hash_set
configure:5693: result: yes
configure:5730: checking for google/sparse_hash_set
configure:5737: result: yes
configure:5741: checking google/sparse_hash_map usability
configure:5758: g++ -c -O3  -fopenmp  -I/home/yuhan/bin/bamtools-master//include -I/home/yuhan/bin/bamtools-master//include/bamtools conftest.cpp >&5
configure:5765: $? = 0
configure:5779: result: yes
configure:5783: checking google/sparse_hash_map presence
configure:5798: g++ -E  -fopenmp  -I/home/yuhan/bin/bamtools-master//include -I/home/yuhan/bin/bamtools-master//include/bamtools conftest.cpp
configure:5805: $? = 0
configure:5819: result: yes
configure:5852: checking for google/sparse_hash_map
configure:5861: result: yes
configure:5741: checking unordered_map usability
configure:5758: g++ -c -O3  -fopenmp  -I/home/yuhan/bin/bamtools-master//include -I/home/yuhan/bin/bamtools-master//include/bamtools conftest.cpp >&5
In file included from /usr/lib/gcc/x86_64-redhat-linux/4.4.7/../../../../include/c++/4.4.7/unordered_map:35,
                 from conftest.cpp:58:
/usr/lib/gcc/x86_64-redhat-linux/4.4.7/../../../../include/c++/4.4.7/c++0x_warning.h:31:2: error: #error This file requires compiler and library support for the upcoming ISO C++ standard, C++0x. This support is currently experimental, and must be enabled with the -std=c++0x or -std=gnu++0x compiler options.
configure:5765: $? = 1
configure: failed program was:
| /* confdefs.h.  */
| #define PACKAGE_NAME "sga"
| #define PACKAGE_TARNAME "sga"
| #define PACKAGE_VERSION "0.10.13"
| #define PACKAGE_STRING "sga 0.10.13"
| #define PACKAGE_BUGREPORT "js18@sanger.ac.uk"
| #define PACKAGE "sga"
| #define VERSION "0.10.13"
| #define STDC_HEADERS 1
| #define HAVE_SYS_TYPES_H 1
| #define HAVE_SYS_STAT_H 1
| #define HAVE_STDLIB_H 1
| #define HAVE_STRING_H 1
| #define HAVE_MEMORY_H 1
| #define HAVE_STRINGS_H 1
| #define HAVE_INTTYPES_H 1
| #define HAVE_STDINT_H 1
| #define HAVE_UNISTD_H 1
| #define HAVE_CLOCK_GETTIME 1
| #define HAVE_OPENMP 1
| #define HAVE_GOOGLE_SPARSE_HASH_SET 1
| #define HAVE_GOOGLE_SPARSE_HASH_SET 1
| #define HAVE_GOOGLE_SPARSE_HASH_MAP 1
| /* end confdefs.h.  */
| #include <stdio.h>
| #ifdef HAVE_SYS_TYPES_H
| # include <sys/types.h>
| #endif
| #ifdef HAVE_SYS_STAT_H
| # include <sys/stat.h>
| #endif
| #ifdef STDC_HEADERS
| # include <stdlib.h>
| # include <stddef.h>
| #else
| # ifdef HAVE_STDLIB_H
| #  include <stdlib.h>
| # endif
| #endif
| #ifdef HAVE_STRING_H
| # if !defined STDC_HEADERS && defined HAVE_MEMORY_H
| #  include <memory.h>
| # endif
| # include <string.h>
| #endif
| #ifdef HAVE_STRINGS_H
| # include <strings.h>
| #endif
| #ifdef HAVE_INTTYPES_H
| # include <inttypes.h>
| #endif
| #ifdef HAVE_STDINT_H
| # include <stdint.h>
| #endif
| #ifdef HAVE_UNISTD_H
| # include <unistd.h>
| #endif
| #include <unordered_map>
configure:5779: result: no
configure:5783: checking unordered_map presence
configure:5798: g++ -E  -fopenmp  -I/home/yuhan/bin/bamtools-master//include -I/home/yuhan/bin/bamtools-master//include/bamtools conftest.cpp
In file included from /usr/lib/gcc/x86_64-redhat-linux/4.4.7/../../../../include/c++/4.4.7/unordered_map:35,
                 from conftest.cpp:25:
/usr/lib/gcc/x86_64-redhat-linux/4.4.7/../../../../include/c++/4.4.7/c++0x_warning.h:31:2: error: #error This file requires compiler and library support for the upcoming ISO C++ standard, C++0x. This support is currently experimental, and must be enabled with the -std=c++0x or -std=gnu++0x compiler options.
configure:5805: $? = 1
configure: failed program was:
| /* confdefs.h.  */
| #define PACKAGE_NAME "sga"
| #define PACKAGE_TARNAME "sga"
| #define PACKAGE_VERSION "0.10.13"
| #define PACKAGE_STRING "sga 0.10.13"
| #define PACKAGE_BUGREPORT "js18@sanger.ac.uk"
| #define PACKAGE "sga"
| #define VERSION "0.10.13"
| #define STDC_HEADERS 1
| #define HAVE_SYS_TYPES_H 1
| #define HAVE_SYS_STAT_H 1
| #define HAVE_STDLIB_H 1
| #define HAVE_STRING_H 1
| #define HAVE_MEMORY_H 1
| #define HAVE_STRINGS_H 1
| #define HAVE_INTTYPES_H 1
| #define HAVE_STDINT_H 1
| #define HAVE_UNISTD_H 1
| #define HAVE_CLOCK_GETTIME 1
| #define HAVE_OPENMP 1
| #define HAVE_GOOGLE_SPARSE_HASH_SET 1
| #define HAVE_GOOGLE_SPARSE_HASH_SET 1
| #define HAVE_GOOGLE_SPARSE_HASH_MAP 1
| /* end confdefs.h.  */
| #include <unordered_map>
configure:5819: result: no
configure:5852: checking for unordered_map
configure:5861: result: no
configure:5741: checking tr1/unordered_map usability
configure:5758: g++ -c -O3  -fopenmp  -I/home/yuhan/bin/bamtools-master//include -I/home/yuhan/bin/bamtools-master//include/bamtools conftest.cpp >&5
configure:5765: $? = 0
configure:5779: result: yes
configure:5783: checking tr1/unordered_map presence
configure:5798: g++ -E  -fopenmp  -I/home/yuhan/bin/bamtools-master//include -I/home/yuhan/bin/bamtools-master//include/bamtools conftest.cpp
configure:5805: $? = 0
configure:5819: result: yes
configure:5852: checking for tr1/unordered_map
configure:5861: result: yes
configure:5741: checking ext/hash_map usability
configure:5758: g++ -c -O3  -fopenmp  -I/home/yuhan/bin/bamtools-master//include -I/home/yuhan/bin/bamtools-master//include/bamtools conftest.cpp >&5
In file included from /usr/lib/gcc/x86_64-redhat-linux/4.4.7/../../../../include/c++/4.4.7/ext/hash_map:60,
                 from conftest.cpp:59:
/usr/lib/gcc/x86_64-redhat-linux/4.4.7/../../../../include/c++/4.4.7/backward/backward_warning.h:28:2: warning: #warning This file includes at least one deprecated or antiquated header which may be removed without further notice at a future date. Please use a non-deprecated interface with equivalent functionality instead. For a listing of replacement headers and interfaces, consult the file backward_warning.h. To disable this warning use -Wno-deprecated.
configure:5765: $? = 0
configure:5779: result: yes
configure:5783: checking ext/hash_map presence
configure:5798: g++ -E  -fopenmp  -I/home/yuhan/bin/bamtools-master//include -I/home/yuhan/bin/bamtools-master//include/bamtools conftest.cpp
In file included from /usr/lib/gcc/x86_64-redhat-linux/4.4.7/../../../../include/c++/4.4.7/ext/hash_map:60,
                 from conftest.cpp:26:
/usr/lib/gcc/x86_64-redhat-linux/4.4.7/../../../../include/c++/4.4.7/backward/backward_warning.h:28:2: warning: #warning This file includes at least one deprecated or antiquated header which may be removed without further notice at a future date. Please use a non-deprecated interface with equivalent functionality instead. For a listing of replacement headers and interfaces, consult the file backward_warning.h. To disable this warning use -Wno-deprecated.
configure:5805: $? = 0
configure:5819: result: yes
configure:5852: checking for ext/hash_map
configure:5861: result: yes
configure:5741: checking unordered_set usability
configure:5758: g++ -c -O3  -fopenmp  -I/home/yuhan/bin/bamtools-master//include -I/home/yuhan/bin/bamtools-master//include/bamtools conftest.cpp >&5
In file included from /usr/lib/gcc/x86_64-redhat-linux/4.4.7/../../../../include/c++/4.4.7/unordered_set:35,
                 from conftest.cpp:60:
/usr/lib/gcc/x86_64-redhat-linux/4.4.7/../../../../include/c++/4.4.7/c++0x_warning.h:31:2: error: #error This file requires compiler and library support for the upcoming ISO C++ standard, C++0x. This support is currently experimental, and must be enabled with the -std=c++0x or -std=gnu++0x compiler options.
configure:5765: $? = 1
configure: failed program was:
| /* confdefs.h.  */
| #define PACKAGE_NAME "sga"
| #define PACKAGE_TARNAME "sga"
| #define PACKAGE_VERSION "0.10.13"
| #define PACKAGE_STRING "sga 0.10.13"
| #define PACKAGE_BUGREPORT "js18@sanger.ac.uk"
| #define PACKAGE "sga"
| #define VERSION "0.10.13"
| #define STDC_HEADERS 1
| #define HAVE_SYS_TYPES_H 1
| #define HAVE_SYS_STAT_H 1
| #define HAVE_STDLIB_H 1
| #define HAVE_STRING_H 1
| #define HAVE_MEMORY_H 1
| #define HAVE_STRINGS_H 1
| #define HAVE_INTTYPES_H 1
| #define HAVE_STDINT_H 1
| #define HAVE_UNISTD_H 1
| #define HAVE_CLOCK_GETTIME 1
| #define HAVE_OPENMP 1
| #define HAVE_GOOGLE_SPARSE_HASH_SET 1
| #define HAVE_GOOGLE_SPARSE_HASH_SET 1
| #define HAVE_GOOGLE_SPARSE_HASH_MAP 1
| #define HAVE_TR1_UNORDERED_MAP 1
| #define HAVE_EXT_HASH_MAP 1
| /* end confdefs.h.  */
| #include <stdio.h>
| #ifdef HAVE_SYS_TYPES_H
| # include <sys/types.h>
| #endif
| #ifdef HAVE_SYS_STAT_H
| # include <sys/stat.h>
| #endif
| #ifdef STDC_HEADERS
| # include <stdlib.h>
| # include <stddef.h>
| #else
| # ifdef HAVE_STDLIB_H
| #  include <stdlib.h>
| # endif
| #endif
| #ifdef HAVE_STRING_H
| # if !defined STDC_HEADERS && defined HAVE_MEMORY_H
| #  include <memory.h>
| # endif
| # include <string.h>
| #endif
| #ifdef HAVE_STRINGS_H
| # include <strings.h>
| #endif
| #ifdef HAVE_INTTYPES_H
| # include <inttypes.h>
| #endif
| #ifdef HAVE_STDINT_H
| # include <stdint.h>
| #endif
| #ifdef HAVE_UNISTD_H
| # include <unistd.h>
| #endif
| #include <unordered_set>
configure:5779: result: no
configure:5783: checking unordered_set presence
configure:5798: g++ -E  -fopenmp  -I/home/yuhan/bin/bamtools-master//include -I/home/yuhan/bin/bamtools-master//include/bamtools conftest.cpp
In file included from /usr/lib/gcc/x86_64-redhat-linux/4.4.7/../../../../include/c++/4.4.7/unordered_set:35,
                 from conftest.cpp:27:
/usr/lib/gcc/x86_64-redhat-linux/4.4.7/../../../../include/c++/4.4.7/c++0x_warning.h:31:2: error: #error This file requires compiler and library support for the upcoming ISO C++ standard, C++0x. This support is currently experimental, and must be enabled with the -std=c++0x or -std=gnu++0x compiler options.
configure:5805: $? = 1
configure: failed program was:
| /* confdefs.h.  */
| #define PACKAGE_NAME "sga"
| #define PACKAGE_TARNAME "sga"
| #define PACKAGE_VERSION "0.10.13"
| #define PACKAGE_STRING "sga 0.10.13"
| #define PACKAGE_BUGREPORT "js18@sanger.ac.uk"
| #define PACKAGE "sga"
| #define VERSION "0.10.13"
| #define STDC_HEADERS 1
| #define HAVE_SYS_TYPES_H 1
| #define HAVE_SYS_STAT_H 1
| #define HAVE_STDLIB_H 1
| #define HAVE_STRING_H 1
| #define HAVE_MEMORY_H 1
| #define HAVE_STRINGS_H 1
| #define HAVE_INTTYPES_H 1
| #define HAVE_STDINT_H 1
| #define HAVE_UNISTD_H 1
| #define HAVE_CLOCK_GETTIME 1
| #define HAVE_OPENMP 1
| #define HAVE_GOOGLE_SPARSE_HASH_SET 1
| #define HAVE_GOOGLE_SPARSE_HASH_SET 1
| #define HAVE_GOOGLE_SPARSE_HASH_MAP 1
| #define HAVE_TR1_UNORDERED_MAP 1
| #define HAVE_EXT_HASH_MAP 1
| /* end confdefs.h.  */
| #include <unordered_set>
configure:5819: result: no
configure:5852: checking for unordered_set
configure:5861: result: no
configure:5741: checking tr1/unordered_set usability
configure:5758: g++ -c -O3  -fopenmp  -I/home/yuhan/bin/bamtools-master//include -I/home/yuhan/bin/bamtools-master//include/bamtools conftest.cpp >&5
configure:5765: $? = 0
configure:5779: result: yes
configure:5783: checking tr1/unordered_set presence
configure:5798: g++ -E  -fopenmp  -I/home/yuhan/bin/bamtools-master//include -I/home/yuhan/bin/bamtools-master//include/bamtools conftest.cpp
configure:5805: $? = 0
configure:5819: result: yes
configure:5852: checking for tr1/unordered_set
configure:5861: result: yes
configure:5741: checking ext/hash_set usability
configure:5758: g++ -c -O3  -fopenmp  -I/home/yuhan/bin/bamtools-master//include -I/home/yuhan/bin/bamtools-master//include/bamtools conftest.cpp >&5
In file included from /usr/lib/gcc/x86_64-redhat-linux/4.4.7/../../../../include/c++/4.4.7/ext/hash_set:60,
                 from conftest.cpp:61:
/usr/lib/gcc/x86_64-redhat-linux/4.4.7/../../../../include/c++/4.4.7/backward/backward_warning.h:28:2: warning: #warning This file includes at least one deprecated or antiquated header which may be removed without further notice at a future date. Please use a non-deprecated interface with equivalent functionality instead. For a listing of replacement headers and interfaces, consult the file backward_warning.h. To disable this warning use -Wno-deprecated.
configure:5765: $? = 0
configure:5779: result: yes
configure:5783: checking ext/hash_set presence
configure:5798: g++ -E  -fopenmp  -I/home/yuhan/bin/bamtools-master//include -I/home/yuhan/bin/bamtools-master//include/bamtools conftest.cpp
In file included from /usr/lib/gcc/x86_64-redhat-linux/4.4.7/../../../../include/c++/4.4.7/ext/hash_set:60,
                 from conftest.cpp:28:
/usr/lib/gcc/x86_64-redhat-linux/4.4.7/../../../../include/c++/4.4.7/backward/backward_warning.h:28:2: warning: #warning This file includes at least one deprecated or antiquated header which may be removed without further notice at a future date. Please use a non-deprecated interface with equivalent functionality instead. For a listing of replacement headers and interfaces, consult the file backward_warning.h. To disable this warning use -Wno-deprecated.
configure:5805: $? = 0
configure:5819: result: yes
configure:5852: checking for ext/hash_set
configure:5861: result: yes
configure:5894: checking api/BamReader.h usability
configure:5911: g++ -c -O3  -fopenmp  -I/home/yuhan/bin/bamtools-master//include -I/home/yuhan/bin/bamtools-master//include/bamtools conftest.cpp >&5
configure:5918: $? = 0
configure:5932: result: yes
configure:5936: checking api/BamReader.h presence
configure:5951: g++ -E  -fopenmp  -I/home/yuhan/bin/bamtools-master//include -I/home/yuhan/bin/bamtools-master//include/bamtools conftest.cpp
configure:5958: $? = 0
configure:5972: result: yes
configure:6005: checking for api/BamReader.h
configure:6014: result: yes
configure:6168: creating ./config.status

## ---------------- ##
## Cache variables. ##
## ---------------- ##

ac_cv_c_compiler_gnu=yes
ac_cv_cxx_compiler_gnu=yes
ac_cv_env_CCC_set=
ac_cv_env_CCC_value=
ac_cv_env_CC_set=
ac_cv_env_CC_value=
ac_cv_env_CFLAGS_set=
ac_cv_env_CFLAGS_value=
ac_cv_env_CPPFLAGS_set=
ac_cv_env_CPPFLAGS_value=
ac_cv_env_CXXCPP_set=
ac_cv_env_CXXCPP_value=
ac_cv_env_CXXFLAGS_set=
ac_cv_env_CXXFLAGS_value=
ac_cv_env_CXX_set=
ac_cv_env_CXX_value=
ac_cv_env_LDFLAGS_set=
ac_cv_env_LDFLAGS_value=
ac_cv_env_LIBS_set=
ac_cv_env_LIBS_value=
ac_cv_env_build_alias_set=
ac_cv_env_build_alias_value=
ac_cv_env_host_alias_set=
ac_cv_env_host_alias_value=
ac_cv_env_target_alias_set=
ac_cv_env_target_alias_value=
ac_cv_header_api_BamReader_h=yes
ac_cv_header_ext_hash_map=yes
ac_cv_header_ext_hash_set=yes
ac_cv_header_google_sparse_hash_map=yes
ac_cv_header_google_sparse_hash_set=yes
ac_cv_header_inttypes_h=yes
ac_cv_header_memory_h=yes
ac_cv_header_stdc=yes
ac_cv_header_stdint_h=yes
ac_cv_header_stdlib_h=yes
ac_cv_header_string_h=yes
ac_cv_header_strings_h=yes
ac_cv_header_sys_stat_h=yes
ac_cv_header_sys_types_h=yes
ac_cv_header_tr1_unordered_map=yes
ac_cv_header_tr1_unordered_set=yes
ac_cv_header_unistd_h=yes
ac_cv_header_unordered_map=no
ac_cv_header_unordered_set=no
ac_cv_header_zlib_h=yes
ac_cv_objext=o
ac_cv_path_EGREP='/bin/grep -E'
ac_cv_path_GREP=/bin/grep
ac_cv_path_install='/usr/bin/install -c'
ac_cv_path_mkdir=/bin/mkdir
ac_cv_prog_AWK=gawk
ac_cv_prog_CXXCPP='g++ -E'
ac_cv_prog_ac_ct_CC=gcc
ac_cv_prog_ac_ct_CXX=g++
ac_cv_prog_ac_ct_RANLIB=ranlib
ac_cv_prog_cc_c89=
ac_cv_prog_cc_g=yes
ac_cv_prog_cxx_g=yes
ac_cv_prog_make_make_set=yes
ac_cv_search_clock_gettime=-lrt
ac_cv_search_gzopen=-lz
am_cv_CC_dependencies_compiler_type=gcc3
am_cv_CXX_dependencies_compiler_type=gcc3
ax_cv_cxx_openmp=-fopenmp

## ----------------- ##
## Output variables. ##
## ----------------- ##

ACLOCAL='${SHELL} /bip7_disk/Yu_Ting_102/weiche_sga/src/missing --run aclocal-1.11'
AMDEPBACKSLASH='\'
AMDEP_FALSE='#'
AMDEP_TRUE=''
AMTAR='${SHELL} /bip7_disk/Yu_Ting_102/weiche_sga/src/missing --run tar'
AM_CXXFLAGS='-Wall -Wextra  -Wno-unknown-pragmas'
AUTOCONF='${SHELL} /bip7_disk/Yu_Ting_102/weiche_sga/src/missing --run autoconf'
AUTOHEADER='${SHELL} /bip7_disk/Yu_Ting_102/weiche_sga/src/missing --run autoheader'
AUTOMAKE='${SHELL} /bip7_disk/Yu_Ting_102/weiche_sga/src/missing --run automake-1.11'
AWK='gawk'
CC='gcc'
CCDEPMODE='depmode=gcc3'
CFLAGS='-O3'
CPPFLAGS=' -fopenmp  -I/home/yuhan/bin/bamtools-master//include -I/home/yuhan/bin/bamtools-master//include/bamtools'
CXX='g++'
CXXCPP='g++ -E'
CXXDEPMODE='depmode=gcc3'
CXXFLAGS='-O3'
CYGPATH_W='echo'
DEFS='-DHAVE_CONFIG_H'
DEPDIR='.deps'
ECHO_C=''
ECHO_N='-n'
ECHO_T=''
EGREP='/bin/grep -E'
EXEEXT=''
GREP='/bin/grep'
INSTALL_DATA='${INSTALL} -m 644'
INSTALL_PROGRAM='${INSTALL}'
INSTALL_SCRIPT='${INSTALL}'
INSTALL_STRIP_PROGRAM='$(install_sh) -c -s'
LDFLAGS='-fopenmp  -Wl,-rpath,/home/yuhan/bin/bamtools-master//lib -L/home/yuhan/bin/bamtools-master//lib -Wl,-rpath,/home/yuhan/bin/bamtools-master//lib/bamtools -L/home/yuhan/bin/bamtools-master//lib/bamtools '
LIBOBJS=''
LIBS='-lrt -lz  -lbamtools'
LTLIBOBJS=''
MAKEINFO='${SHELL} /bip7_disk/Yu_Ting_102/weiche_sga/src/missing --run makeinfo'
MKDIR_P='/bin/mkdir -p'
OBJEXT='o'
PACKAGE='sga'
PACKAGE_BUGREPORT='js18@sanger.ac.uk'
PACKAGE_NAME='sga'
PACKAGE_STRING='sga 0.10.13'
PACKAGE_TARNAME='sga'
PACKAGE_VERSION='0.10.13'
PATH_SEPARATOR=':'
RANLIB='ranlib'
SET_MAKE=''
SHELL='/bin/sh'
STRIP=''
VERSION='0.10.13'
ac_ct_CC='gcc'
ac_ct_CXX='g++'
am__EXEEXT_FALSE=''
am__EXEEXT_TRUE='#'
am__fastdepCC_FALSE='#'
am__fastdepCC_TRUE=''
am__fastdepCXX_FALSE='#'
am__fastdepCXX_TRUE=''
am__include='include'
am__isrc=''
am__leading_dot='.'
am__quote=''
am__tar='${AMTAR} chof - "$$tardir"'
am__untar='${AMTAR} xf -'
bindir='${exec_prefix}/bin'
build_alias=''
datadir='${datarootdir}'
datarootdir='${prefix}/share'
docdir='${datarootdir}/doc/${PACKAGE_TARNAME}'
dvidir='${docdir}'
exec_prefix='${prefix}'
host_alias=''
htmldir='${docdir}'
includedir='${prefix}/include'
infodir='${datarootdir}/info'
install_sh='${SHELL} /bip7_disk/Yu_Ting_102/weiche_sga/src/install-sh'
libdir='${exec_prefix}/lib'
libexecdir='${exec_prefix}/libexec'
localedir='${datarootdir}/locale'
localstatedir='${prefix}/var'
mandir='${datarootdir}/man'
mkdir_p='/bin/mkdir -p'
oldincludedir='/usr/include'
pdfdir='${docdir}'
prefix='/usr/local'
program_transform_name='s,x,x,'
psdir='${docdir}'
sbindir='${exec_prefix}/sbin'
sharedstatedir='${prefix}/com'
sysconfdir='${prefix}/etc'
target_alias=''

## ----------- ##
## confdefs.h. ##
## ----------- ##

#define PACKAGE_NAME "sga"
#define PACKAGE_TARNAME "sga"
#define PACKAGE_VERSION "0.10.13"
#define PACKAGE_STRING "sga 0.10.13"
#define PACKAGE_BUGREPORT "js18@sanger.ac.uk"
#define PACKAGE "sga"
#define VERSION "0.10.13"
#define STDC_HEADERS 1
#define HAVE_SYS_TYPES_H 1
#define HAVE_SYS_STAT_H 1
#define HAVE_STDLIB_H 1
#define HAVE_STRING_H 1
#define HAVE_MEMORY_H 1
#define HAVE_STRINGS_H 1
#define HAVE_INTTYPES_H 1
#define HAVE_STDINT_H 1
#define HAVE_UNISTD_H 1
#define HAVE_CLOCK_GETTIME 1
#define HAVE_OPENMP 1
#define HAVE_GOOGLE_SPARSE_HASH_SET 1
#define HAVE_GOOGLE_SPARSE_HASH_SET 1
#define HAVE_GOOGLE_SPARSE_HASH_MAP 1
#define HAVE_TR1_UNORDERED_MAP 1
#define HAVE_EXT_HASH_MAP 1
#define HAVE_TR1_UNORDERED_SET 1
#define HAVE_EXT_HASH_SET 1
#define HAVE_API_BAMREADER_H 1

configure: exit 0

## ---------------------- ##
## Running config.status. ##
## ---------------------- ##

This file was extended by sga config.status 0.10.13, which was
generated by GNU Autoconf 2.63.  Invocation command line was

  CONFIG_FILES    = 
  CONFIG_HEADERS  = 
  CONFIG_LINKS    = 
  CONFIG_COMMANDS = 
  $ ./config.status 

on bip7

config.status:802: creating Makefile
config.status:802: creating bin/Makefile
config.status:802: creating Thirdparty/Makefile
config.status:802: creating Util/Makefile
config.status:802: creating SQG/Makefile
config.status:802: creating Bigraph/Makefile
config.status:802: creating Algorithm/Makefile
config.status:802: creating StringGraph/Makefile
config.status:802: creating Concurrency/Makefile
config.status:802: creating SuffixTools/Makefile
config.status:802: creating GraphDiff/Makefile
config.status:802: creating Scaffold/Makefile
config.status:802: creating SGA/Makefile
config.status:802: creating config.h
config.status:1024: config.h is unchanged
config.status:1076: executing depfiles commands
